{"/Users/shashanktomar/Documents/projects/spreadshare/spreadshare-subscriptions/spreadshare-subscriptions-api/src/controller.js": {"path":"/Users/shashanktomar/Documents/projects/spreadshare/spreadshare-subscriptions/spreadshare-subscriptions-api/src/controller.js","statementMap":{"0":{"start":{"line":1,"column":13},"end":{"line":1,"column":75}},"1":{"start":{"line":1,"column":91},"end":{"line":1,"column":131}},"2":{"start":{"line":1,"column":148},"end":{"line":1,"column":181}},"3":{"start":{"line":1,"column":205},"end":{"line":1,"column":252}},"4":{"start":{"line":1,"column":276},"end":{"line":1,"column":316}},"5":{"start":{"line":1,"column":337},"end":{"line":1,"column":381}},"6":{"start":{"line":1,"column":402},"end":{"line":1,"column":439}},"7":{"start":{"line":1,"column":440},"end":{"line":1,"column":479}},"8":{"start":{"line":3,"column":13},"end":{"line":3,"column":29}},"9":{"start":{"line":3,"column":44},"end":{"line":3,"column":74}},"10":{"start":{"line":3,"column":113},"end":{"line":3,"column":167}},"11":{"start":{"line":7,"column":16},"end":{"line":68,"column":34}},"12":{"start":{"line":10,"column":33},"end":{"line":10,"column":84}},"13":{"start":{"line":11,"column":4},"end":{"line":11,"column":23}},"14":{"start":{"line":12,"column":3},"end":{"line":68,"column":10}},"15":{"start":{"line":15,"column":18},"end":{"line":17,"column":19}},"16":{"start":{"line":20,"column":6},"end":{"line":20,"column":86}},"17":{"start":{"line":28,"column":22},"end":{"line":28,"column":51}},"18":{"start":{"line":29,"column":6},"end":{"line":29,"column":50}},"19":{"start":{"line":37,"column":22},"end":{"line":37,"column":51}},"20":{"start":{"line":38,"column":6},"end":{"line":42,"column":100}},"21":{"start":{"line":42,"column":30},"end":{"line":42,"column":96}},"22":{"start":{"line":50,"column":6},"end":{"line":54,"column":73}},"23":{"start":{"line":62,"column":6},"end":{"line":66,"column":73}},"24":{"start":{"line":68,"column":10},"end":{"line":68,"column":31}},"25":{"start":{"line":68,"column":35},"end":{"line":68,"column":67}}},"fnMap":{"0":{"name":"_interopRequireDefault","decl":{"start":{"line":3,"column":84},"end":{"line":3,"column":106}},"loc":{"start":{"line":3,"column":112},"end":{"line":3,"column":168}},"line":3},"1":{"name":"(anonymous_1)","decl":{"start":{"line":7,"column":16},"end":{"line":7,"column":17}},"loc":{"start":{"line":7,"column":28},"end":{"line":68,"column":32}},"line":7},"2":{"name":"SubController","decl":{"start":{"line":10,"column":11},"end":{"line":10,"column":24}},"loc":{"start":{"line":10,"column":32},"end":{"line":12,"column":3}},"line":10},"3":{"name":"subscribe","decl":{"start":{"line":12,"column":82},"end":{"line":12,"column":91}},"loc":{"start":{"line":14,"column":18},"end":{"line":21,"column":5}},"line":14},"4":{"name":"unsubscribe","decl":{"start":{"line":21,"column":47},"end":{"line":21,"column":58}},"loc":{"start":{"line":27,"column":4},"end":{"line":30,"column":5}},"line":27},"5":{"name":"getSubscription","decl":{"start":{"line":30,"column":51},"end":{"line":30,"column":66}},"loc":{"start":{"line":36,"column":4},"end":{"line":44,"column":5}},"line":36},"6":{"name":"(anonymous_6)","decl":{"start":{"line":42,"column":14},"end":{"line":42,"column":15}},"loc":{"start":{"line":42,"column":29},"end":{"line":42,"column":97}},"line":42},"7":{"name":"getAllForUser","decl":{"start":{"line":44,"column":49},"end":{"line":44,"column":62}},"loc":{"start":{"line":49,"column":4},"end":{"line":56,"column":5}},"line":49},"8":{"name":"getAllForPublication","decl":{"start":{"line":56,"column":56},"end":{"line":56,"column":76}},"loc":{"start":{"line":61,"column":4},"end":{"line":68,"column":5}},"line":61}},"branchMap":{"0":{"loc":{"start":{"line":3,"column":120},"end":{"line":3,"column":166}},"type":"cond-expr","locations":[{"start":{"line":3,"column":144},"end":{"line":3,"column":147}},{"start":{"line":3,"column":150},"end":{"line":3,"column":166}}],"line":3},"1":{"loc":{"start":{"line":3,"column":120},"end":{"line":3,"column":141}},"type":"binary-expr","locations":[{"start":{"line":3,"column":120},"end":{"line":3,"column":123}},{"start":{"line":3,"column":127},"end":{"line":3,"column":141}}],"line":3},"2":{"loc":{"start":{"line":42,"column":37},"end":{"line":42,"column":95}},"type":"cond-expr","locations":[{"start":{"line":42,"column":43},"end":{"line":42,"column":83}},{"start":{"line":42,"column":86},"end":{"line":42,"column":95}}],"line":42}},"s":{"0":0,"1":0,"2":0,"3":0,"4":0,"5":0,"6":0,"7":0,"8":0,"9":0,"10":0,"11":0,"12":0,"13":0,"14":0,"15":0,"16":0,"17":0,"18":0,"19":0,"20":0,"21":0,"22":0,"23":0,"24":0,"25":0},"f":{"0":0,"1":0,"2":0,"3":0,"4":0,"5":0,"6":0,"7":0,"8":0},"b":{"0":[0,0],"1":[0,0],"2":[0,0]}}
,"/Users/shashanktomar/Documents/projects/spreadshare/spreadshare-subscriptions/spreadshare-subscriptions-api/src/schemas.js": {"path":"/Users/shashanktomar/Documents/projects/spreadshare/spreadshare-subscriptions/spreadshare-subscriptions-api/src/schemas.js","statementMap":{"0":{"start":{"line":1,"column":13},"end":{"line":1,"column":75}},"1":{"start":{"line":1,"column":75},"end":{"line":1,"column":114}},"2":{"start":{"line":1,"column":114},"end":{"line":1,"column":153}},"3":{"start":{"line":1,"column":178},"end":{"line":30,"column":60}}},"fnMap":{},"branchMap":{},"s":{"0":0,"1":0,"2":0,"3":0},"f":{},"b":{}}
,"/Users/shashanktomar/Documents/projects/spreadshare/spreadshare-subscriptions/spreadshare-subscriptions-api/src/types.js": {"path":"/Users/shashanktomar/Documents/projects/spreadshare/spreadshare-subscriptions/spreadshare-subscriptions-api/src/types.js","statementMap":{"0":{"start":{"line":1,"column":13},"end":{"line":1,"column":52}}},"fnMap":{},"branchMap":{},"s":{"0":0},"f":{},"b":{}}
,"/Users/shashanktomar/Documents/projects/spreadshare/spreadshare-subscriptions/spreadshare-subscriptions-api/src/db/table.js": {"path":"/Users/shashanktomar/Documents/projects/spreadshare/spreadshare-subscriptions/spreadshare-subscriptions-api/src/db/table.js","statementMap":{"0":{"start":{"line":20,"column":4},"end":{"line":20,"column":31}},"1":{"start":{"line":21,"column":4},"end":{"line":21,"column":23}},"2":{"start":{"line":22,"column":4},"end":{"line":22,"column":29}},"3":{"start":{"line":26,"column":56},"end":{"line":28,"column":5}},"4":{"start":{"line":30,"column":4},"end":{"line":32,"column":5}},"5":{"start":{"line":31,"column":6},"end":{"line":31,"column":33}},"6":{"start":{"line":34,"column":4},"end":{"line":37,"column":5}},"7":{"start":{"line":35,"column":6},"end":{"line":35,"column":21}},"8":{"start":{"line":36,"column":6},"end":{"line":36,"column":32}},"9":{"start":{"line":38,"column":4},"end":{"line":38,"column":21}},"10":{"start":{"line":39,"column":4},"end":{"line":39,"column":40}},"11":{"start":{"line":43,"column":19},"end":{"line":49,"column":5}},"12":{"start":{"line":51,"column":4},"end":{"line":54,"column":28}},"13":{"start":{"line":58,"column":19},"end":{"line":64,"column":5}},"14":{"start":{"line":66,"column":4},"end":{"line":66,"column":44}},"15":{"start":{"line":73,"column":20},"end":{"line":73,"column":38}},"16":{"start":{"line":74,"column":21},"end":{"line":76,"column":5}},"17":{"start":{"line":77,"column":20},"end":{"line":77,"column":24}},"18":{"start":{"line":79,"column":4},"end":{"line":86,"column":5}},"19":{"start":{"line":80,"column":6},"end":{"line":80,"column":60}},"20":{"start":{"line":81,"column":6},"end":{"line":84,"column":8}},"21":{"start":{"line":85,"column":6},"end":{"line":85,"column":39}},"22":{"start":{"line":88,"column":19},"end":{"line":93,"column":5}},"23":{"start":{"line":95,"column":4},"end":{"line":98,"column":30}},"24":{"start":{"line":98,"column":19},"end":{"line":98,"column":28}},"25":{"start":{"line":105,"column":20},"end":{"line":105,"column":52}},"26":{"start":{"line":106,"column":21},"end":{"line":108,"column":5}},"27":{"start":{"line":110,"column":4},"end":{"line":116,"column":5}},"28":{"start":{"line":111,"column":6},"end":{"line":111,"column":74}},"29":{"start":{"line":112,"column":6},"end":{"line":115,"column":8}},"30":{"start":{"line":118,"column":19},"end":{"line":123,"column":5}},"31":{"start":{"line":125,"column":4},"end":{"line":128,"column":30}},"32":{"start":{"line":128,"column":19},"end":{"line":128,"column":28}},"33":{"start":{"line":132,"column":22},"end":{"line":132,"column":45}},"34":{"start":{"line":133,"column":17},"end":{"line":137,"column":5}},"35":{"start":{"line":139,"column":19},"end":{"line":143,"column":5}},"36":{"start":{"line":145,"column":4},"end":{"line":148,"column":24}},"37":{"start":{"line":148,"column":18},"end":{"line":148,"column":22}},"38":{"start":{"line":155,"column":22},"end":{"line":155,"column":45}},"39":{"start":{"line":156,"column":17},"end":{"line":160,"column":5}},"40":{"start":{"line":162,"column":19},"end":{"line":165,"column":5}},"41":{"start":{"line":167,"column":4},"end":{"line":170,"column":31}},"42":{"start":{"line":170,"column":18},"end":{"line":170,"column":29}},"43":{"start":{"line":174,"column":18},"end":{"line":180,"column":1}},"44":{"start":{"line":175,"column":2},"end":{"line":179,"column":4}},"45":{"start":{"line":182,"column":20},"end":{"line":188,"column":1}},"46":{"start":{"line":183,"column":2},"end":{"line":187,"column":4}}},"fnMap":{"0":{"name":"(anonymous_0)","decl":{"start":{"line":15,"column":2},"end":{"line":15,"column":3}},"loc":{"start":{"line":19,"column":4},"end":{"line":23,"column":3}},"line":19},"1":{"name":"(anonymous_1)","decl":{"start":{"line":25,"column":2},"end":{"line":25,"column":3}},"loc":{"start":{"line":25,"column":77},"end":{"line":40,"column":3}},"line":25},"2":{"name":"(anonymous_2)","decl":{"start":{"line":42,"column":2},"end":{"line":42,"column":3}},"loc":{"start":{"line":42,"column":72},"end":{"line":55,"column":3}},"line":42},"3":{"name":"(anonymous_3)","decl":{"start":{"line":57,"column":2},"end":{"line":57,"column":3}},"loc":{"start":{"line":57,"column":59},"end":{"line":67,"column":3}},"line":57},"4":{"name":"(anonymous_4)","decl":{"start":{"line":69,"column":2},"end":{"line":69,"column":3}},"loc":{"start":{"line":72,"column":41},"end":{"line":99,"column":3}},"line":72},"5":{"name":"(anonymous_5)","decl":{"start":{"line":98,"column":12},"end":{"line":98,"column":13}},"loc":{"start":{"line":98,"column":19},"end":{"line":98,"column":28}},"line":98},"6":{"name":"(anonymous_6)","decl":{"start":{"line":101,"column":2},"end":{"line":101,"column":3}},"loc":{"start":{"line":104,"column":41},"end":{"line":129,"column":3}},"line":104},"7":{"name":"(anonymous_7)","decl":{"start":{"line":128,"column":12},"end":{"line":128,"column":13}},"loc":{"start":{"line":128,"column":19},"end":{"line":128,"column":28}},"line":128},"8":{"name":"(anonymous_8)","decl":{"start":{"line":131,"column":2},"end":{"line":131,"column":3}},"loc":{"start":{"line":131,"column":67},"end":{"line":149,"column":3}},"line":131},"9":{"name":"(anonymous_9)","decl":{"start":{"line":148,"column":12},"end":{"line":148,"column":13}},"loc":{"start":{"line":148,"column":18},"end":{"line":148,"column":22}},"line":148},"10":{"name":"(anonymous_10)","decl":{"start":{"line":151,"column":2},"end":{"line":151,"column":3}},"loc":{"start":{"line":154,"column":34},"end":{"line":171,"column":3}},"line":154},"11":{"name":"(anonymous_11)","decl":{"start":{"line":170,"column":12},"end":{"line":170,"column":13}},"loc":{"start":{"line":170,"column":18},"end":{"line":170,"column":29}},"line":170},"12":{"name":"(anonymous_12)","decl":{"start":{"line":174,"column":18},"end":{"line":174,"column":19}},"loc":{"start":{"line":174,"column":48},"end":{"line":180,"column":1}},"line":174},"13":{"name":"(anonymous_13)","decl":{"start":{"line":182,"column":20},"end":{"line":182,"column":21}},"loc":{"start":{"line":182,"column":50},"end":{"line":188,"column":1}},"line":182}},"branchMap":{"0":{"loc":{"start":{"line":30,"column":4},"end":{"line":32,"column":5}},"type":"if","locations":[{"start":{"line":30,"column":4},"end":{"line":32,"column":5}},{"start":{"line":30,"column":4},"end":{"line":32,"column":5}}],"line":30},"1":{"loc":{"start":{"line":34,"column":4},"end":{"line":37,"column":5}},"type":"if","locations":[{"start":{"line":34,"column":4},"end":{"line":37,"column":5}},{"start":{"line":34,"column":4},"end":{"line":37,"column":5}}],"line":34},"2":{"loc":{"start":{"line":79,"column":4},"end":{"line":86,"column":5}},"type":"if","locations":[{"start":{"line":79,"column":4},"end":{"line":86,"column":5}},{"start":{"line":79,"column":4},"end":{"line":86,"column":5}}],"line":79},"3":{"loc":{"start":{"line":110,"column":4},"end":{"line":116,"column":5}},"type":"if","locations":[{"start":{"line":110,"column":4},"end":{"line":116,"column":5}},{"start":{"line":110,"column":4},"end":{"line":116,"column":5}}],"line":110}},"s":{"0":9,"1":9,"2":9,"3":3,"4":3,"5":1,"6":2,"7":1,"8":1,"9":1,"10":1,"11":4,"12":4,"13":1,"14":1,"15":2,"16":2,"17":2,"18":2,"19":1,"20":1,"21":1,"22":2,"23":2,"24":2,"25":2,"26":2,"27":2,"28":1,"29":1,"30":2,"31":2,"32":2,"33":1,"34":1,"35":1,"36":1,"37":1,"38":1,"39":1,"40":1,"41":1,"42":1,"43":1,"44":1,"45":1,"46":1},"f":{"0":9,"1":3,"2":4,"3":1,"4":2,"5":2,"6":2,"7":2,"8":1,"9":1,"10":1,"11":1,"12":1,"13":1},"b":{"0":[1,2],"1":[1,1],"2":[1,1],"3":[1,1]},"_coverageSchema":"332fd63041d2c1bcb487cc26dd0d5f7d97098a6c","hash":"4ba9bb7ed90741de03a73d67ab3f48fefe87d0d9"}
,"/Users/shashanktomar/Documents/projects/spreadshare/spreadshare-subscriptions/spreadshare-subscriptions-api/src/db/types.js": {"path":"/Users/shashanktomar/Documents/projects/spreadshare/spreadshare-subscriptions/spreadshare-subscriptions-api/src/db/types.js","statementMap":{"0":{"start":{"line":1,"column":13},"end":{"line":1,"column":52}}},"fnMap":{},"branchMap":{},"s":{"0":0},"f":{},"b":{}}
,"/Users/shashanktomar/Documents/projects/spreadshare/spreadshare-subscriptions/spreadshare-subscriptions-api/src/handlers/factory.js": {"path":"/Users/shashanktomar/Documents/projects/spreadshare/spreadshare-subscriptions/spreadshare-subscriptions-api/src/handlers/factory.js","statementMap":{"0":{"start":{"line":1,"column":13},"end":{"line":1,"column":75}},"1":{"start":{"line":1,"column":75},"end":{"line":1,"column":106}},"2":{"start":{"line":1,"column":106},"end":{"line":1,"column":145}},"3":{"start":{"line":3,"column":14},"end":{"line":3,"column":32}},"4":{"start":{"line":3,"column":48},"end":{"line":3,"column":79}},"5":{"start":{"line":4,"column":13},"end":{"line":4,"column":35}},"6":{"start":{"line":4,"column":50},"end":{"line":4,"column":80}},"7":{"start":{"line":5,"column":18},"end":{"line":5,"column":42}},"8":{"start":{"line":5,"column":62},"end":{"line":5,"column":97}},"9":{"start":{"line":6,"column":16},"end":{"line":6,"column":44}},"10":{"start":{"line":6,"column":62},"end":{"line":6,"column":95}},"11":{"start":{"line":6,"column":134},"end":{"line":6,"column":188}},"12":{"start":{"line":8,"column":14},"end":{"line":8,"column":16}},"13":{"start":{"line":11,"column":0},"end":{"line":16,"column":1}},"14":{"start":{"line":12,"column":2},"end":{"line":14,"column":40}},"15":{"start":{"line":18,"column":19},"end":{"line":18,"column":72}},"16":{"start":{"line":19,"column":9},"end":{"line":22,"column":19}},"17":{"start":{"line":25,"column":17},"end":{"line":25,"column":66}}},"fnMap":{"0":{"name":"_interopRequireDefault","decl":{"start":{"line":6,"column":105},"end":{"line":6,"column":127}},"loc":{"start":{"line":6,"column":133},"end":{"line":6,"column":189}},"line":6}},"branchMap":{"0":{"loc":{"start":{"line":6,"column":141},"end":{"line":6,"column":187}},"type":"cond-expr","locations":[{"start":{"line":6,"column":165},"end":{"line":6,"column":168}},{"start":{"line":6,"column":171},"end":{"line":6,"column":187}}],"line":6},"1":{"loc":{"start":{"line":6,"column":141},"end":{"line":6,"column":162}},"type":"binary-expr","locations":[{"start":{"line":6,"column":141},"end":{"line":6,"column":144}},{"start":{"line":6,"column":148},"end":{"line":6,"column":162}}],"line":6},"2":{"loc":{"start":{"line":11,"column":0},"end":{"line":16,"column":1}},"type":"if","locations":[{"start":{"line":11,"column":0},"end":{"line":16,"column":1}},{"start":{"line":11,"column":0},"end":{"line":16,"column":1}}],"line":11}},"s":{"0":0,"1":0,"2":0,"3":0,"4":0,"5":0,"6":0,"7":0,"8":0,"9":0,"10":0,"11":0,"12":0,"13":0,"14":0,"15":0,"16":0,"17":0},"f":{"0":0},"b":{"0":[0,0],"1":[0,0],"2":[0,0]}}
,"/Users/shashanktomar/Documents/projects/spreadshare/spreadshare-subscriptions/spreadshare-subscriptions-api/src/handlers/get.js": {"path":"/Users/shashanktomar/Documents/projects/spreadshare/spreadshare-subscriptions/spreadshare-subscriptions-api/src/handlers/get.js","statementMap":{"0":{"start":{"line":1,"column":13},"end":{"line":1,"column":75}},"1":{"start":{"line":1,"column":75},"end":{"line":1,"column":103}},"2":{"start":{"line":1,"column":122},"end":{"line":1,"column":158}},"3":{"start":{"line":1,"column":179},"end":{"line":1,"column":215}},"4":{"start":{"line":1,"column":238},"end":{"line":1,"column":284}},"5":{"start":{"line":1,"column":307},"end":{"line":1,"column":346}},"6":{"start":{"line":1,"column":372},"end":{"line":1,"column":421}},"7":{"start":{"line":1,"column":447},"end":{"line":1,"column":489}},"8":{"start":{"line":1,"column":490},"end":{"line":1,"column":529}},"9":{"start":{"line":3,"column":17},"end":{"line":3,"column":39}},"10":{"start":{"line":3,"column":58},"end":{"line":3,"column":92}},"11":{"start":{"line":5,"column":15},"end":{"line":5,"column":35}},"12":{"start":{"line":6,"column":12},"end":{"line":6,"column":36}},"13":{"start":{"line":6,"column":75},"end":{"line":6,"column":129}},"14":{"start":{"line":8,"column":14},"end":{"line":19,"column":218}},"15":{"start":{"line":8,"column":56},"end":{"line":19,"column":148}},"16":{"start":{"line":8,"column":239},"end":{"line":19,"column":145}},"17":{"start":{"line":8,"column":302},"end":{"line":19,"column":122}},"18":{"start":{"line":8,"column":313},"end":{"line":19,"column":121}},"19":{"start":{"line":8,"column":360},"end":{"line":9,"column":166}},"20":{"start":{"line":9,"column":166},"end":{"line":9,"column":184}},"21":{"start":{"line":9,"column":184},"end":{"line":11,"column":84}},"22":{"start":{"line":11,"column":91},"end":{"line":11,"column":113}},"23":{"start":{"line":11,"column":113},"end":{"line":11,"column":160}},"24":{"start":{"line":11,"column":160},"end":{"line":11,"column":175}},"25":{"start":{"line":11,"column":175},"end":{"line":11,"column":193}},"26":{"start":{"line":11,"column":193},"end":{"line":14,"column":53}},"27":{"start":{"line":14,"column":27},"end":{"line":14,"column":46}},"28":{"start":{"line":14,"column":46},"end":{"line":14,"column":52}},"29":{"start":{"line":15,"column":12},"end":{"line":15,"column":29}},"30":{"start":{"line":15,"column":29},"end":{"line":16,"column":51}},"31":{"start":{"line":16,"column":59},"end":{"line":19,"column":78}},"32":{"start":{"line":19,"column":97},"end":{"line":19,"column":120}},"33":{"start":{"line":19,"column":149},"end":{"line":19,"column":215}},"34":{"start":{"line":19,"column":178},"end":{"line":19,"column":213}}},"fnMap":{"0":{"name":"_interopRequireDefault","decl":{"start":{"line":6,"column":46},"end":{"line":6,"column":68}},"loc":{"start":{"line":6,"column":74},"end":{"line":6,"column":130}},"line":6},"1":{"name":"(anonymous_1)","decl":{"start":{"line":8,"column":32},"end":{"line":8,"column":33}},"loc":{"start":{"line":8,"column":44},"end":{"line":19,"column":216}},"line":8},"2":{"name":"_callee","decl":{"start":{"line":8,"column":138},"end":{"line":8,"column":145}},"loc":{"start":{"line":8,"column":153},"end":{"line":19,"column":146}},"line":8},"3":{"name":"_callee$","decl":{"start":{"line":8,"column":282},"end":{"line":8,"column":290}},"loc":{"start":{"line":8,"column":301},"end":{"line":19,"column":123}},"line":8},"4":{"name":"handler","decl":{"start":{"line":19,"column":165},"end":{"line":19,"column":172}},"loc":{"start":{"line":19,"column":177},"end":{"line":19,"column":214}},"line":19}},"branchMap":{"0":{"loc":{"start":{"line":6,"column":82},"end":{"line":6,"column":128}},"type":"cond-expr","locations":[{"start":{"line":6,"column":106},"end":{"line":6,"column":109}},{"start":{"line":6,"column":112},"end":{"line":6,"column":128}}],"line":6},"1":{"loc":{"start":{"line":6,"column":82},"end":{"line":6,"column":103}},"type":"binary-expr","locations":[{"start":{"line":6,"column":82},"end":{"line":6,"column":85}},{"start":{"line":6,"column":89},"end":{"line":6,"column":103}}],"line":6},"2":{"loc":{"start":{"line":8,"column":313},"end":{"line":19,"column":121}},"type":"switch","locations":[{"start":{"line":8,"column":353},"end":{"line":11,"column":84}},{"start":{"line":11,"column":84},"end":{"line":16,"column":51}},{"start":{"line":16,"column":51},"end":{"line":19,"column":78}},{"start":{"line":19,"column":78},"end":{"line":19,"column":86}},{"start":{"line":19,"column":86},"end":{"line":19,"column":120}}],"line":8},"3":{"loc":{"start":{"line":11,"column":193},"end":{"line":14,"column":53}},"type":"if","locations":[{"start":{"line":11,"column":193},"end":{"line":14,"column":53}},{"start":{"line":11,"column":193},"end":{"line":14,"column":53}}],"line":11},"4":{"loc":{"start":{"line":19,"column":12},"end":{"line":19,"column":76}},"type":"cond-expr","locations":[{"start":{"line":19,"column":21},"end":{"line":19,"column":54}},{"start":{"line":19,"column":57},"end":{"line":19,"column":76}}],"line":19}},"s":{"0":0,"1":0,"2":0,"3":0,"4":0,"5":0,"6":0,"7":0,"8":0,"9":0,"10":0,"11":0,"12":0,"13":0,"14":0,"15":0,"16":0,"17":0,"18":0,"19":0,"20":0,"21":0,"22":0,"23":0,"24":0,"25":0,"26":0,"27":0,"28":0,"29":0,"30":0,"31":0,"32":0,"33":0,"34":0},"f":{"0":0,"1":0,"2":0,"3":0,"4":0},"b":{"0":[0,0],"1":[0,0],"2":[0,0,0,0,0],"3":[0,0],"4":[0,0]}}
,"/Users/shashanktomar/Documents/projects/spreadshare/spreadshare-subscriptions/spreadshare-subscriptions-api/src/handlers/getAllForPublication.js": {"path":"/Users/shashanktomar/Documents/projects/spreadshare/spreadshare-subscriptions/spreadshare-subscriptions-api/src/handlers/getAllForPublication.js","statementMap":{"0":{"start":{"line":1,"column":13},"end":{"line":1,"column":75}},"1":{"start":{"line":1,"column":75},"end":{"line":1,"column":103}},"2":{"start":{"line":1,"column":122},"end":{"line":1,"column":158}},"3":{"start":{"line":1,"column":179},"end":{"line":1,"column":215}},"4":{"start":{"line":1,"column":238},"end":{"line":1,"column":284}},"5":{"start":{"line":1,"column":307},"end":{"line":1,"column":346}},"6":{"start":{"line":1,"column":372},"end":{"line":1,"column":421}},"7":{"start":{"line":1,"column":447},"end":{"line":1,"column":489}},"8":{"start":{"line":1,"column":490},"end":{"line":1,"column":529}},"9":{"start":{"line":3,"column":13},"end":{"line":3,"column":29}},"10":{"start":{"line":3,"column":44},"end":{"line":3,"column":74}},"11":{"start":{"line":4,"column":17},"end":{"line":4,"column":39}},"12":{"start":{"line":4,"column":58},"end":{"line":4,"column":92}},"13":{"start":{"line":6,"column":15},"end":{"line":6,"column":35}},"14":{"start":{"line":7,"column":12},"end":{"line":7,"column":36}},"15":{"start":{"line":7,"column":75},"end":{"line":7,"column":129}},"16":{"start":{"line":9,"column":14},"end":{"line":24,"column":173}},"17":{"start":{"line":9,"column":56},"end":{"line":24,"column":103}},"18":{"start":{"line":9,"column":197},"end":{"line":24,"column":100}},"19":{"start":{"line":9,"column":260},"end":{"line":24,"column":77}},"20":{"start":{"line":9,"column":271},"end":{"line":24,"column":76}},"21":{"start":{"line":10,"column":12},"end":{"line":10,"column":92}},"22":{"start":{"line":10,"column":92},"end":{"line":10,"column":110}},"23":{"start":{"line":10,"column":110},"end":{"line":14,"column":29}},"24":{"start":{"line":14,"column":36},"end":{"line":14,"column":58}},"25":{"start":{"line":14,"column":58},"end":{"line":14,"column":105}},"26":{"start":{"line":14,"column":105},"end":{"line":14,"column":120}},"27":{"start":{"line":14,"column":120},"end":{"line":14,"column":138}},"28":{"start":{"line":14,"column":138},"end":{"line":18,"column":53}},"29":{"start":{"line":18,"column":27},"end":{"line":18,"column":46}},"30":{"start":{"line":18,"column":46},"end":{"line":18,"column":52}},"31":{"start":{"line":19,"column":12},"end":{"line":19,"column":29}},"32":{"start":{"line":19,"column":29},"end":{"line":20,"column":51}},"33":{"start":{"line":20,"column":59},"end":{"line":24,"column":33}},"34":{"start":{"line":24,"column":52},"end":{"line":24,"column":75}},"35":{"start":{"line":24,"column":104},"end":{"line":24,"column":170}},"36":{"start":{"line":24,"column":133},"end":{"line":24,"column":168}}},"fnMap":{"0":{"name":"_interopRequireDefault","decl":{"start":{"line":7,"column":46},"end":{"line":7,"column":68}},"loc":{"start":{"line":7,"column":74},"end":{"line":7,"column":130}},"line":7},"1":{"name":"(anonymous_1)","decl":{"start":{"line":9,"column":32},"end":{"line":9,"column":33}},"loc":{"start":{"line":9,"column":44},"end":{"line":24,"column":171}},"line":9},"2":{"name":"_callee","decl":{"start":{"line":9,"column":138},"end":{"line":9,"column":145}},"loc":{"start":{"line":9,"column":153},"end":{"line":24,"column":101}},"line":9},"3":{"name":"_callee$","decl":{"start":{"line":9,"column":240},"end":{"line":9,"column":248}},"loc":{"start":{"line":9,"column":259},"end":{"line":24,"column":78}},"line":9},"4":{"name":"handler","decl":{"start":{"line":24,"column":120},"end":{"line":24,"column":127}},"loc":{"start":{"line":24,"column":132},"end":{"line":24,"column":169}},"line":24}},"branchMap":{"0":{"loc":{"start":{"line":7,"column":82},"end":{"line":7,"column":128}},"type":"cond-expr","locations":[{"start":{"line":7,"column":106},"end":{"line":7,"column":109}},{"start":{"line":7,"column":112},"end":{"line":7,"column":128}}],"line":7},"1":{"loc":{"start":{"line":7,"column":82},"end":{"line":7,"column":103}},"type":"binary-expr","locations":[{"start":{"line":7,"column":82},"end":{"line":7,"column":85}},{"start":{"line":7,"column":89},"end":{"line":7,"column":103}}],"line":7},"2":{"loc":{"start":{"line":9,"column":271},"end":{"line":24,"column":76}},"type":"switch","locations":[{"start":{"line":9,"column":311},"end":{"line":14,"column":29}},{"start":{"line":14,"column":29},"end":{"line":20,"column":51}},{"start":{"line":20,"column":51},"end":{"line":24,"column":33}},{"start":{"line":24,"column":33},"end":{"line":24,"column":41}},{"start":{"line":24,"column":41},"end":{"line":24,"column":75}}],"line":9},"3":{"loc":{"start":{"line":14,"column":138},"end":{"line":18,"column":53}},"type":"if","locations":[{"start":{"line":14,"column":138},"end":{"line":18,"column":53}},{"start":{"line":14,"column":138},"end":{"line":18,"column":53}}],"line":14},"4":{"loc":{"start":{"line":22,"column":12},"end":{"line":24,"column":31}},"type":"cond-expr","locations":[{"start":{"line":23,"column":12},"end":{"line":23,"column":45}},{"start":{"line":24,"column":12},"end":{"line":24,"column":31}}],"line":22}},"s":{"0":0,"1":0,"2":0,"3":0,"4":0,"5":0,"6":0,"7":0,"8":0,"9":0,"10":0,"11":0,"12":0,"13":0,"14":0,"15":0,"16":0,"17":0,"18":0,"19":0,"20":0,"21":0,"22":0,"23":0,"24":0,"25":0,"26":0,"27":0,"28":0,"29":0,"30":0,"31":0,"32":0,"33":0,"34":0,"35":0,"36":0},"f":{"0":0,"1":0,"2":0,"3":0,"4":0},"b":{"0":[0,0],"1":[0,0],"2":[0,0,0,0,0],"3":[0,0],"4":[0,0]}}
,"/Users/shashanktomar/Documents/projects/spreadshare/spreadshare-subscriptions/spreadshare-subscriptions-api/src/handlers/getAllForUser.js": {"path":"/Users/shashanktomar/Documents/projects/spreadshare/spreadshare-subscriptions/spreadshare-subscriptions-api/src/handlers/getAllForUser.js","statementMap":{"0":{"start":{"line":1,"column":13},"end":{"line":1,"column":75}},"1":{"start":{"line":1,"column":75},"end":{"line":1,"column":103}},"2":{"start":{"line":1,"column":122},"end":{"line":1,"column":158}},"3":{"start":{"line":1,"column":179},"end":{"line":1,"column":215}},"4":{"start":{"line":1,"column":238},"end":{"line":1,"column":284}},"5":{"start":{"line":1,"column":307},"end":{"line":1,"column":346}},"6":{"start":{"line":1,"column":372},"end":{"line":1,"column":421}},"7":{"start":{"line":1,"column":447},"end":{"line":1,"column":489}},"8":{"start":{"line":1,"column":490},"end":{"line":1,"column":529}},"9":{"start":{"line":3,"column":13},"end":{"line":3,"column":29}},"10":{"start":{"line":3,"column":44},"end":{"line":3,"column":74}},"11":{"start":{"line":4,"column":17},"end":{"line":4,"column":39}},"12":{"start":{"line":4,"column":58},"end":{"line":4,"column":92}},"13":{"start":{"line":6,"column":15},"end":{"line":6,"column":35}},"14":{"start":{"line":7,"column":12},"end":{"line":7,"column":36}},"15":{"start":{"line":7,"column":75},"end":{"line":7,"column":129}},"16":{"start":{"line":9,"column":14},"end":{"line":21,"column":173}},"17":{"start":{"line":9,"column":56},"end":{"line":21,"column":103}},"18":{"start":{"line":9,"column":197},"end":{"line":21,"column":100}},"19":{"start":{"line":9,"column":260},"end":{"line":21,"column":77}},"20":{"start":{"line":9,"column":271},"end":{"line":21,"column":76}},"21":{"start":{"line":10,"column":12},"end":{"line":10,"column":92}},"22":{"start":{"line":10,"column":92},"end":{"line":10,"column":110}},"23":{"start":{"line":10,"column":110},"end":{"line":12,"column":92}},"24":{"start":{"line":12,"column":99},"end":{"line":12,"column":121}},"25":{"start":{"line":12,"column":121},"end":{"line":12,"column":168}},"26":{"start":{"line":12,"column":168},"end":{"line":12,"column":183}},"27":{"start":{"line":12,"column":183},"end":{"line":12,"column":201}},"28":{"start":{"line":12,"column":201},"end":{"line":15,"column":53}},"29":{"start":{"line":15,"column":27},"end":{"line":15,"column":46}},"30":{"start":{"line":15,"column":46},"end":{"line":15,"column":52}},"31":{"start":{"line":16,"column":12},"end":{"line":16,"column":29}},"32":{"start":{"line":16,"column":29},"end":{"line":17,"column":51}},"33":{"start":{"line":17,"column":59},"end":{"line":21,"column":33}},"34":{"start":{"line":21,"column":52},"end":{"line":21,"column":75}},"35":{"start":{"line":21,"column":104},"end":{"line":21,"column":170}},"36":{"start":{"line":21,"column":133},"end":{"line":21,"column":168}}},"fnMap":{"0":{"name":"_interopRequireDefault","decl":{"start":{"line":7,"column":46},"end":{"line":7,"column":68}},"loc":{"start":{"line":7,"column":74},"end":{"line":7,"column":130}},"line":7},"1":{"name":"(anonymous_1)","decl":{"start":{"line":9,"column":32},"end":{"line":9,"column":33}},"loc":{"start":{"line":9,"column":44},"end":{"line":21,"column":171}},"line":9},"2":{"name":"_callee","decl":{"start":{"line":9,"column":138},"end":{"line":9,"column":145}},"loc":{"start":{"line":9,"column":153},"end":{"line":21,"column":101}},"line":9},"3":{"name":"_callee$","decl":{"start":{"line":9,"column":240},"end":{"line":9,"column":248}},"loc":{"start":{"line":9,"column":259},"end":{"line":21,"column":78}},"line":9},"4":{"name":"handler","decl":{"start":{"line":21,"column":120},"end":{"line":21,"column":127}},"loc":{"start":{"line":21,"column":132},"end":{"line":21,"column":169}},"line":21}},"branchMap":{"0":{"loc":{"start":{"line":7,"column":82},"end":{"line":7,"column":128}},"type":"cond-expr","locations":[{"start":{"line":7,"column":106},"end":{"line":7,"column":109}},{"start":{"line":7,"column":112},"end":{"line":7,"column":128}}],"line":7},"1":{"loc":{"start":{"line":7,"column":82},"end":{"line":7,"column":103}},"type":"binary-expr","locations":[{"start":{"line":7,"column":82},"end":{"line":7,"column":85}},{"start":{"line":7,"column":89},"end":{"line":7,"column":103}}],"line":7},"2":{"loc":{"start":{"line":9,"column":271},"end":{"line":21,"column":76}},"type":"switch","locations":[{"start":{"line":9,"column":311},"end":{"line":12,"column":92}},{"start":{"line":12,"column":92},"end":{"line":17,"column":51}},{"start":{"line":17,"column":51},"end":{"line":21,"column":33}},{"start":{"line":21,"column":33},"end":{"line":21,"column":41}},{"start":{"line":21,"column":41},"end":{"line":21,"column":75}}],"line":9},"3":{"loc":{"start":{"line":12,"column":201},"end":{"line":15,"column":53}},"type":"if","locations":[{"start":{"line":12,"column":201},"end":{"line":15,"column":53}},{"start":{"line":12,"column":201},"end":{"line":15,"column":53}}],"line":12},"4":{"loc":{"start":{"line":19,"column":12},"end":{"line":21,"column":31}},"type":"cond-expr","locations":[{"start":{"line":20,"column":12},"end":{"line":20,"column":45}},{"start":{"line":21,"column":12},"end":{"line":21,"column":31}}],"line":19}},"s":{"0":0,"1":0,"2":0,"3":0,"4":0,"5":0,"6":0,"7":0,"8":0,"9":0,"10":0,"11":0,"12":0,"13":0,"14":0,"15":0,"16":0,"17":0,"18":0,"19":0,"20":0,"21":0,"22":0,"23":0,"24":0,"25":0,"26":0,"27":0,"28":0,"29":0,"30":0,"31":0,"32":0,"33":0,"34":0,"35":0,"36":0},"f":{"0":0,"1":0,"2":0,"3":0,"4":0},"b":{"0":[0,0],"1":[0,0],"2":[0,0,0,0,0],"3":[0,0],"4":[0,0]}}
,"/Users/shashanktomar/Documents/projects/spreadshare/spreadshare-subscriptions/spreadshare-subscriptions-api/src/handlers/subscribe.js": {"path":"/Users/shashanktomar/Documents/projects/spreadshare/spreadshare-subscriptions/spreadshare-subscriptions-api/src/handlers/subscribe.js","statementMap":{"0":{"start":{"line":1,"column":13},"end":{"line":1,"column":75}},"1":{"start":{"line":1,"column":75},"end":{"line":1,"column":103}},"2":{"start":{"line":1,"column":122},"end":{"line":1,"column":158}},"3":{"start":{"line":1,"column":179},"end":{"line":1,"column":215}},"4":{"start":{"line":1,"column":238},"end":{"line":1,"column":284}},"5":{"start":{"line":1,"column":307},"end":{"line":1,"column":346}},"6":{"start":{"line":1,"column":363},"end":{"line":1,"column":403}},"7":{"start":{"line":1,"column":420},"end":{"line":1,"column":453}},"8":{"start":{"line":1,"column":479},"end":{"line":1,"column":528}},"9":{"start":{"line":1,"column":554},"end":{"line":1,"column":596}},"10":{"start":{"line":1,"column":597},"end":{"line":1,"column":636}},"11":{"start":{"line":3,"column":13},"end":{"line":3,"column":29}},"12":{"start":{"line":3,"column":44},"end":{"line":3,"column":74}},"13":{"start":{"line":4,"column":17},"end":{"line":4,"column":39}},"14":{"start":{"line":4,"column":58},"end":{"line":4,"column":92}},"15":{"start":{"line":5,"column":19},"end":{"line":5,"column":47}},"16":{"start":{"line":7,"column":28},"end":{"line":7,"column":74}},"17":{"start":{"line":7,"column":104},"end":{"line":7,"column":149}},"18":{"start":{"line":8,"column":15},"end":{"line":8,"column":36}},"19":{"start":{"line":9,"column":15},"end":{"line":9,"column":35}},"20":{"start":{"line":10,"column":12},"end":{"line":10,"column":36}},"21":{"start":{"line":10,"column":75},"end":{"line":10,"column":129}},"22":{"start":{"line":12,"column":16},"end":{"line":25,"column":187}},"23":{"start":{"line":12,"column":40},"end":{"line":25,"column":115}},"24":{"start":{"line":12,"column":180},"end":{"line":25,"column":112}},"25":{"start":{"line":12,"column":243},"end":{"line":25,"column":89}},"26":{"start":{"line":12,"column":254},"end":{"line":25,"column":88}},"27":{"start":{"line":13,"column":12},"end":{"line":15,"column":24}},"28":{"start":{"line":15,"column":24},"end":{"line":15,"column":42}},"29":{"start":{"line":15,"column":42},"end":{"line":18,"column":60}},"30":{"start":{"line":18,"column":67},"end":{"line":18,"column":89}},"31":{"start":{"line":18,"column":89},"end":{"line":18,"column":136}},"32":{"start":{"line":18,"column":136},"end":{"line":18,"column":151}},"33":{"start":{"line":18,"column":151},"end":{"line":18,"column":167}},"34":{"start":{"line":18,"column":167},"end":{"line":21,"column":53}},"35":{"start":{"line":21,"column":27},"end":{"line":21,"column":46}},"36":{"start":{"line":21,"column":46},"end":{"line":21,"column":52}},"37":{"start":{"line":22,"column":12},"end":{"line":22,"column":29}},"38":{"start":{"line":22,"column":29},"end":{"line":23,"column":51}},"39":{"start":{"line":23,"column":59},"end":{"line":25,"column":45}},"40":{"start":{"line":25,"column":64},"end":{"line":25,"column":87}},"41":{"start":{"line":25,"column":116},"end":{"line":25,"column":184}},"42":{"start":{"line":25,"column":147},"end":{"line":25,"column":182}},"43":{"start":{"line":28,"column":14},"end":{"line":31,"column":42}}},"fnMap":{"0":{"name":"_interopRequireDefault","decl":{"start":{"line":10,"column":46},"end":{"line":10,"column":68}},"loc":{"start":{"line":10,"column":74},"end":{"line":10,"column":130}},"line":10},"1":{"name":"(anonymous_1)","decl":{"start":{"line":12,"column":16},"end":{"line":12,"column":17}},"loc":{"start":{"line":12,"column":28},"end":{"line":25,"column":185}},"line":12},"2":{"name":"_callee","decl":{"start":{"line":12,"column":122},"end":{"line":12,"column":129}},"loc":{"start":{"line":12,"column":137},"end":{"line":25,"column":113}},"line":12},"3":{"name":"_callee$","decl":{"start":{"line":12,"column":223},"end":{"line":12,"column":231}},"loc":{"start":{"line":12,"column":242},"end":{"line":25,"column":90}},"line":12},"4":{"name":"subscribe","decl":{"start":{"line":25,"column":132},"end":{"line":25,"column":141}},"loc":{"start":{"line":25,"column":146},"end":{"line":25,"column":183}},"line":25}},"branchMap":{"0":{"loc":{"start":{"line":10,"column":82},"end":{"line":10,"column":128}},"type":"cond-expr","locations":[{"start":{"line":10,"column":106},"end":{"line":10,"column":109}},{"start":{"line":10,"column":112},"end":{"line":10,"column":128}}],"line":10},"1":{"loc":{"start":{"line":10,"column":82},"end":{"line":10,"column":103}},"type":"binary-expr","locations":[{"start":{"line":10,"column":82},"end":{"line":10,"column":85}},{"start":{"line":10,"column":89},"end":{"line":10,"column":103}}],"line":10},"2":{"loc":{"start":{"line":12,"column":254},"end":{"line":25,"column":88}},"type":"switch","locations":[{"start":{"line":12,"column":294},"end":{"line":18,"column":60}},{"start":{"line":18,"column":60},"end":{"line":23,"column":51}},{"start":{"line":23,"column":51},"end":{"line":25,"column":45}},{"start":{"line":25,"column":45},"end":{"line":25,"column":53}},{"start":{"line":25,"column":53},"end":{"line":25,"column":87}}],"line":12},"3":{"loc":{"start":{"line":18,"column":167},"end":{"line":21,"column":53}},"type":"if","locations":[{"start":{"line":18,"column":167},"end":{"line":21,"column":53}},{"start":{"line":18,"column":167},"end":{"line":21,"column":53}}],"line":18}},"s":{"0":0,"1":0,"2":0,"3":0,"4":0,"5":0,"6":0,"7":0,"8":0,"9":0,"10":0,"11":0,"12":0,"13":0,"14":0,"15":0,"16":0,"17":0,"18":0,"19":0,"20":0,"21":0,"22":0,"23":0,"24":0,"25":0,"26":0,"27":0,"28":0,"29":0,"30":0,"31":0,"32":0,"33":0,"34":0,"35":0,"36":0,"37":0,"38":0,"39":0,"40":0,"41":0,"42":0,"43":0},"f":{"0":0,"1":0,"2":0,"3":0,"4":0},"b":{"0":[0,0],"1":[0,0],"2":[0,0,0,0,0],"3":[0,0]}}
,"/Users/shashanktomar/Documents/projects/spreadshare/spreadshare-subscriptions/spreadshare-subscriptions-api/src/handlers/unsubscribe.js": {"path":"/Users/shashanktomar/Documents/projects/spreadshare/spreadshare-subscriptions/spreadshare-subscriptions-api/src/handlers/unsubscribe.js","statementMap":{"0":{"start":{"line":1,"column":13},"end":{"line":1,"column":75}},"1":{"start":{"line":1,"column":75},"end":{"line":1,"column":103}},"2":{"start":{"line":1,"column":122},"end":{"line":1,"column":158}},"3":{"start":{"line":1,"column":179},"end":{"line":1,"column":215}},"4":{"start":{"line":1,"column":238},"end":{"line":1,"column":284}},"5":{"start":{"line":1,"column":307},"end":{"line":1,"column":346}},"6":{"start":{"line":1,"column":372},"end":{"line":1,"column":421}},"7":{"start":{"line":1,"column":447},"end":{"line":1,"column":489}},"8":{"start":{"line":1,"column":490},"end":{"line":1,"column":529}},"9":{"start":{"line":3,"column":17},"end":{"line":3,"column":39}},"10":{"start":{"line":3,"column":58},"end":{"line":3,"column":92}},"11":{"start":{"line":5,"column":15},"end":{"line":5,"column":35}},"12":{"start":{"line":6,"column":12},"end":{"line":6,"column":36}},"13":{"start":{"line":6,"column":75},"end":{"line":6,"column":129}},"14":{"start":{"line":8,"column":14},"end":{"line":19,"column":173}},"15":{"start":{"line":8,"column":56},"end":{"line":19,"column":103}},"16":{"start":{"line":8,"column":231},"end":{"line":19,"column":100}},"17":{"start":{"line":8,"column":294},"end":{"line":19,"column":77}},"18":{"start":{"line":8,"column":305},"end":{"line":19,"column":76}},"19":{"start":{"line":8,"column":352},"end":{"line":9,"column":166}},"20":{"start":{"line":9,"column":166},"end":{"line":9,"column":184}},"21":{"start":{"line":9,"column":184},"end":{"line":11,"column":80}},"22":{"start":{"line":11,"column":87},"end":{"line":11,"column":109}},"23":{"start":{"line":11,"column":109},"end":{"line":11,"column":156}},"24":{"start":{"line":11,"column":156},"end":{"line":11,"column":171}},"25":{"start":{"line":11,"column":171},"end":{"line":14,"column":52}},"26":{"start":{"line":14,"column":27},"end":{"line":14,"column":45}},"27":{"start":{"line":14,"column":45},"end":{"line":14,"column":51}},"28":{"start":{"line":15,"column":12},"end":{"line":15,"column":29}},"29":{"start":{"line":15,"column":29},"end":{"line":16,"column":51}},"30":{"start":{"line":16,"column":58},"end":{"line":19,"column":33}},"31":{"start":{"line":19,"column":52},"end":{"line":19,"column":75}},"32":{"start":{"line":19,"column":104},"end":{"line":19,"column":170}},"33":{"start":{"line":19,"column":133},"end":{"line":19,"column":168}}},"fnMap":{"0":{"name":"_interopRequireDefault","decl":{"start":{"line":6,"column":46},"end":{"line":6,"column":68}},"loc":{"start":{"line":6,"column":74},"end":{"line":6,"column":130}},"line":6},"1":{"name":"(anonymous_1)","decl":{"start":{"line":8,"column":32},"end":{"line":8,"column":33}},"loc":{"start":{"line":8,"column":44},"end":{"line":19,"column":171}},"line":8},"2":{"name":"_callee","decl":{"start":{"line":8,"column":138},"end":{"line":8,"column":145}},"loc":{"start":{"line":8,"column":153},"end":{"line":19,"column":101}},"line":8},"3":{"name":"_callee$","decl":{"start":{"line":8,"column":274},"end":{"line":8,"column":282}},"loc":{"start":{"line":8,"column":293},"end":{"line":19,"column":78}},"line":8},"4":{"name":"handler","decl":{"start":{"line":19,"column":120},"end":{"line":19,"column":127}},"loc":{"start":{"line":19,"column":132},"end":{"line":19,"column":169}},"line":19}},"branchMap":{"0":{"loc":{"start":{"line":6,"column":82},"end":{"line":6,"column":128}},"type":"cond-expr","locations":[{"start":{"line":6,"column":106},"end":{"line":6,"column":109}},{"start":{"line":6,"column":112},"end":{"line":6,"column":128}}],"line":6},"1":{"loc":{"start":{"line":6,"column":82},"end":{"line":6,"column":103}},"type":"binary-expr","locations":[{"start":{"line":6,"column":82},"end":{"line":6,"column":85}},{"start":{"line":6,"column":89},"end":{"line":6,"column":103}}],"line":6},"2":{"loc":{"start":{"line":8,"column":305},"end":{"line":19,"column":76}},"type":"switch","locations":[{"start":{"line":8,"column":345},"end":{"line":11,"column":80}},{"start":{"line":11,"column":80},"end":{"line":16,"column":51}},{"start":{"line":16,"column":51},"end":{"line":19,"column":33}},{"start":{"line":19,"column":33},"end":{"line":19,"column":41}},{"start":{"line":19,"column":41},"end":{"line":19,"column":75}}],"line":8},"3":{"loc":{"start":{"line":11,"column":171},"end":{"line":14,"column":52}},"type":"if","locations":[{"start":{"line":11,"column":171},"end":{"line":14,"column":52}},{"start":{"line":11,"column":171},"end":{"line":14,"column":52}}],"line":11}},"s":{"0":0,"1":0,"2":0,"3":0,"4":0,"5":0,"6":0,"7":0,"8":0,"9":0,"10":0,"11":0,"12":0,"13":0,"14":0,"15":0,"16":0,"17":0,"18":0,"19":0,"20":0,"21":0,"22":0,"23":0,"24":0,"25":0,"26":0,"27":0,"28":0,"29":0,"30":0,"31":0,"32":0,"33":0},"f":{"0":0,"1":0,"2":0,"3":0,"4":0},"b":{"0":[0,0],"1":[0,0],"2":[0,0,0,0,0],"3":[0,0]}}
,"/Users/shashanktomar/Documents/projects/spreadshare/spreadshare-subscriptions/spreadshare-subscriptions-api/src/middlewares/httpJsonErrorHandler.js": {"path":"/Users/shashanktomar/Documents/projects/spreadshare/spreadshare-subscriptions/spreadshare-subscriptions-api/src/middlewares/httpJsonErrorHandler.js","statementMap":{"0":{"start":{"line":1,"column":13},"end":{"line":1,"column":75}},"1":{"start":{"line":1,"column":92},"end":{"line":1,"column":139}},"2":{"start":{"line":1,"column":158},"end":{"line":1,"column":192}},"3":{"start":{"line":1,"column":193},"end":{"line":1,"column":232}},"4":{"start":{"line":1,"column":250},"end":{"line":1,"column":272}},"5":{"start":{"line":1,"column":311},"end":{"line":1,"column":365}},"6":{"start":{"line":3,"column":9},"end":{"line":22,"column":9}},"7":{"start":{"line":3,"column":24},"end":{"line":22,"column":8}},"8":{"start":{"line":5,"column":6},"end":{"line":20,"column":7}},"9":{"start":{"line":8,"column":8},"end":{"line":14,"column":52}},"10":{"start":{"line":19,"column":8},"end":{"line":19,"column":22}},"11":{"start":{"line":21,"column":6},"end":{"line":21,"column":33}},"12":{"start":{"line":22,"column":10},"end":{"line":25,"column":3}}},"fnMap":{"0":{"name":"_interopRequireDefault","decl":{"start":{"line":1,"column":282},"end":{"line":1,"column":304}},"loc":{"start":{"line":1,"column":310},"end":{"line":1,"column":366}},"line":1},"1":{"name":"mw","decl":{"start":{"line":3,"column":18},"end":{"line":3,"column":20}},"loc":{"start":{"line":3,"column":23},"end":{"line":22,"column":9}},"line":3},"2":{"name":"onError","decl":{"start":{"line":4,"column":22},"end":{"line":4,"column":29}},"loc":{"start":{"line":4,"column":45},"end":{"line":22,"column":5}},"line":4}},"branchMap":{"0":{"loc":{"start":{"line":1,"column":318},"end":{"line":1,"column":364}},"type":"cond-expr","locations":[{"start":{"line":1,"column":342},"end":{"line":1,"column":345}},{"start":{"line":1,"column":348},"end":{"line":1,"column":364}}],"line":1},"1":{"loc":{"start":{"line":1,"column":318},"end":{"line":1,"column":339}},"type":"binary-expr","locations":[{"start":{"line":1,"column":318},"end":{"line":1,"column":321}},{"start":{"line":1,"column":325},"end":{"line":1,"column":339}}],"line":1},"2":{"loc":{"start":{"line":5,"column":6},"end":{"line":20,"column":7}},"type":"if","locations":[{"start":{"line":5,"column":6},"end":{"line":20,"column":7}},{"start":{"line":5,"column":6},"end":{"line":20,"column":7}}],"line":5}},"s":{"0":0,"1":0,"2":0,"3":0,"4":0,"5":0,"6":0,"7":0,"8":0,"9":0,"10":0,"11":0,"12":0},"f":{"0":0,"1":0,"2":0},"b":{"0":[0,0],"1":[0,0],"2":[0,0]}}
,"/Users/shashanktomar/Documents/projects/spreadshare/spreadshare-subscriptions/spreadshare-subscriptions-api/src/utils/dateTime.js": {"path":"/Users/shashanktomar/Documents/projects/spreadshare/spreadshare-subscriptions/spreadshare-subscriptions-api/src/utils/dateTime.js","statementMap":{"0":{"start":{"line":1,"column":13},"end":{"line":1,"column":75}},"1":{"start":{"line":1,"column":75},"end":{"line":1,"column":114}},"2":{"start":{"line":5,"column":15},"end":{"line":6,"column":62}},"3":{"start":{"line":6,"column":31},"end":{"line":6,"column":59}},"4":{"start":{"line":6,"column":63},"end":{"line":9,"column":9}}},"fnMap":{"0":{"name":"getTime","decl":{"start":{"line":6,"column":20},"end":{"line":6,"column":27}},"loc":{"start":{"line":6,"column":30},"end":{"line":6,"column":60}},"line":6}},"branchMap":{},"s":{"0":0,"1":0,"2":0,"3":0,"4":0},"f":{"0":0},"b":{}}
,"/Users/shashanktomar/Documents/projects/spreadshare/spreadshare-subscriptions/spreadshare-subscriptions-api/src/utils/http.js": {"path":"/Users/shashanktomar/Documents/projects/spreadshare/spreadshare-subscriptions/spreadshare-subscriptions-api/src/utils/http.js","statementMap":{"0":{"start":{"line":1,"column":13},"end":{"line":1,"column":75}},"1":{"start":{"line":1,"column":75},"end":{"line":1,"column":104}},"2":{"start":{"line":1,"column":104},"end":{"line":1,"column":143}},"3":{"start":{"line":3,"column":15},"end":{"line":9,"column":28}},"4":{"start":{"line":3,"column":64},"end":{"line":9,"column":27}}},"fnMap":{"0":{"name":"errorRes","decl":{"start":{"line":3,"column":43},"end":{"line":3,"column":51}},"loc":{"start":{"line":3,"column":63},"end":{"line":9,"column":28}},"line":3}},"branchMap":{},"s":{"0":0,"1":0,"2":0,"3":0,"4":0},"f":{"0":0},"b":{}}
}
