TN:
SF:/Users/shashanktomar/Documents/projects/spreadshare/spreadshare-subscriptions/spreadshare-subscriptions-api/src/controller.js
FN:3,_interopRequireDefault
FN:7,(anonymous_1)
FN:10,SubController
FN:12,subscribe
FN:21,unsubscribe
FN:30,getSubscription
FN:42,(anonymous_6)
FN:44,getAllForUser
FN:56,getAllForPublication
FNF:9
FNH:0
FNDA:0,_interopRequireDefault
FNDA:0,(anonymous_1)
FNDA:0,SubController
FNDA:0,subscribe
FNDA:0,unsubscribe
FNDA:0,getSubscription
FNDA:0,(anonymous_6)
FNDA:0,getAllForUser
FNDA:0,getAllForPublication
DA:1,0
DA:3,0
DA:7,0
DA:10,0
DA:11,0
DA:12,0
DA:15,0
DA:20,0
DA:28,0
DA:29,0
DA:37,0
DA:38,0
DA:42,0
DA:50,0
DA:62,0
DA:68,0
LF:16
LH:0
BRDA:3,0,0,0
BRDA:3,0,1,0
BRDA:3,1,0,0
BRDA:3,1,1,0
BRDA:42,2,0,0
BRDA:42,2,1,0
BRF:6
BRH:0
end_of_record
TN:
SF:/Users/shashanktomar/Documents/projects/spreadshare/spreadshare-subscriptions/spreadshare-subscriptions-api/src/schemas.js
FNF:0
FNH:0
DA:1,0
LF:1
LH:0
BRF:0
BRH:0
end_of_record
TN:
SF:/Users/shashanktomar/Documents/projects/spreadshare/spreadshare-subscriptions/spreadshare-subscriptions-api/src/types.js
FNF:0
FNH:0
DA:1,0
LF:1
LH:0
BRF:0
BRH:0
end_of_record
TN:
SF:/Users/shashanktomar/Documents/projects/spreadshare/spreadshare-subscriptions/spreadshare-subscriptions-api/src/db/table.js
FN:15,(anonymous_0)
FN:25,(anonymous_1)
FN:42,(anonymous_2)
FN:57,(anonymous_3)
FN:69,(anonymous_4)
FN:98,(anonymous_5)
FN:101,(anonymous_6)
FN:128,(anonymous_7)
FN:131,(anonymous_8)
FN:148,(anonymous_9)
FN:151,(anonymous_10)
FN:170,(anonymous_11)
FN:174,(anonymous_12)
FN:182,(anonymous_13)
FNF:14
FNH:14
FNDA:9,(anonymous_0)
FNDA:3,(anonymous_1)
FNDA:4,(anonymous_2)
FNDA:1,(anonymous_3)
FNDA:2,(anonymous_4)
FNDA:2,(anonymous_5)
FNDA:2,(anonymous_6)
FNDA:2,(anonymous_7)
FNDA:1,(anonymous_8)
FNDA:1,(anonymous_9)
FNDA:1,(anonymous_10)
FNDA:1,(anonymous_11)
FNDA:1,(anonymous_12)
FNDA:1,(anonymous_13)
DA:20,9
DA:21,9
DA:22,9
DA:26,3
DA:30,3
DA:31,1
DA:34,2
DA:35,1
DA:36,1
DA:38,1
DA:39,1
DA:43,4
DA:51,4
DA:58,1
DA:66,1
DA:73,2
DA:74,2
DA:77,2
DA:79,2
DA:80,1
DA:81,1
DA:85,1
DA:88,2
DA:95,2
DA:98,2
DA:105,2
DA:106,2
DA:110,2
DA:111,1
DA:112,1
DA:118,2
DA:125,2
DA:128,2
DA:132,1
DA:133,1
DA:139,1
DA:145,1
DA:148,1
DA:155,1
DA:156,1
DA:162,1
DA:167,1
DA:170,1
DA:174,1
DA:175,1
DA:182,1
DA:183,1
LF:47
LH:47
BRDA:30,0,0,1
BRDA:30,0,1,2
BRDA:34,1,0,1
BRDA:34,1,1,1
BRDA:79,2,0,1
BRDA:79,2,1,1
BRDA:110,3,0,1
BRDA:110,3,1,1
BRF:8
BRH:8
end_of_record
TN:
SF:/Users/shashanktomar/Documents/projects/spreadshare/spreadshare-subscriptions/spreadshare-subscriptions-api/src/db/types.js
FNF:0
FNH:0
DA:1,0
LF:1
LH:0
BRF:0
BRH:0
end_of_record
TN:
SF:/Users/shashanktomar/Documents/projects/spreadshare/spreadshare-subscriptions/spreadshare-subscriptions-api/src/handlers/factory.js
FN:6,_interopRequireDefault
FNF:1
FNH:0
FNDA:0,_interopRequireDefault
DA:1,0
DA:3,0
DA:4,0
DA:5,0
DA:6,0
DA:8,0
DA:11,0
DA:12,0
DA:18,0
DA:19,0
DA:25,0
LF:11
LH:0
BRDA:6,0,0,0
BRDA:6,0,1,0
BRDA:6,1,0,0
BRDA:6,1,1,0
BRDA:11,2,0,0
BRDA:11,2,1,0
BRF:6
BRH:0
end_of_record
TN:
SF:/Users/shashanktomar/Documents/projects/spreadshare/spreadshare-subscriptions/spreadshare-subscriptions-api/src/handlers/get.js
FN:6,_interopRequireDefault
FN:8,(anonymous_1)
FN:8,_callee
FN:8,_callee$
FN:19,handler
FNF:5
FNH:0
FNDA:0,_interopRequireDefault
FNDA:0,(anonymous_1)
FNDA:0,_callee
FNDA:0,_callee$
FNDA:0,handler
DA:1,0
DA:3,0
DA:5,0
DA:6,0
DA:8,0
DA:9,0
DA:11,0
DA:14,0
DA:15,0
DA:16,0
DA:19,0
LF:11
LH:0
BRDA:6,0,0,0
BRDA:6,0,1,0
BRDA:6,1,0,0
BRDA:6,1,1,0
BRDA:8,2,0,0
BRDA:8,2,1,0
BRDA:8,2,2,0
BRDA:8,2,3,0
BRDA:8,2,4,0
BRDA:11,3,0,0
BRDA:11,3,1,0
BRDA:19,4,0,0
BRDA:19,4,1,0
BRF:13
BRH:0
end_of_record
TN:
SF:/Users/shashanktomar/Documents/projects/spreadshare/spreadshare-subscriptions/spreadshare-subscriptions-api/src/handlers/getAllForPublication.js
FN:7,_interopRequireDefault
FN:9,(anonymous_1)
FN:9,_callee
FN:9,_callee$
FN:24,handler
FNF:5
FNH:0
FNDA:0,_interopRequireDefault
FNDA:0,(anonymous_1)
FNDA:0,_callee
FNDA:0,_callee$
FNDA:0,handler
DA:1,0
DA:3,0
DA:4,0
DA:6,0
DA:7,0
DA:9,0
DA:10,0
DA:14,0
DA:18,0
DA:19,0
DA:20,0
DA:24,0
LF:12
LH:0
BRDA:7,0,0,0
BRDA:7,0,1,0
BRDA:7,1,0,0
BRDA:7,1,1,0
BRDA:9,2,0,0
BRDA:9,2,1,0
BRDA:9,2,2,0
BRDA:9,2,3,0
BRDA:9,2,4,0
BRDA:14,3,0,0
BRDA:14,3,1,0
BRDA:22,4,0,0
BRDA:22,4,1,0
BRF:13
BRH:0
end_of_record
TN:
SF:/Users/shashanktomar/Documents/projects/spreadshare/spreadshare-subscriptions/spreadshare-subscriptions-api/src/handlers/getAllForUser.js
FN:7,_interopRequireDefault
FN:9,(anonymous_1)
FN:9,_callee
FN:9,_callee$
FN:21,handler
FNF:5
FNH:0
FNDA:0,_interopRequireDefault
FNDA:0,(anonymous_1)
FNDA:0,_callee
FNDA:0,_callee$
FNDA:0,handler
DA:1,0
DA:3,0
DA:4,0
DA:6,0
DA:7,0
DA:9,0
DA:10,0
DA:12,0
DA:15,0
DA:16,0
DA:17,0
DA:21,0
LF:12
LH:0
BRDA:7,0,0,0
BRDA:7,0,1,0
BRDA:7,1,0,0
BRDA:7,1,1,0
BRDA:9,2,0,0
BRDA:9,2,1,0
BRDA:9,2,2,0
BRDA:9,2,3,0
BRDA:9,2,4,0
BRDA:12,3,0,0
BRDA:12,3,1,0
BRDA:19,4,0,0
BRDA:19,4,1,0
BRF:13
BRH:0
end_of_record
TN:
SF:/Users/shashanktomar/Documents/projects/spreadshare/spreadshare-subscriptions/spreadshare-subscriptions-api/src/handlers/subscribe.js
FN:10,_interopRequireDefault
FN:12,(anonymous_1)
FN:12,_callee
FN:12,_callee$
FN:25,subscribe
FNF:5
FNH:0
FNDA:0,_interopRequireDefault
FNDA:0,(anonymous_1)
FNDA:0,_callee
FNDA:0,_callee$
FNDA:0,subscribe
DA:1,0
DA:3,0
DA:4,0
DA:5,0
DA:7,0
DA:8,0
DA:9,0
DA:10,0
DA:12,0
DA:13,0
DA:15,0
DA:18,0
DA:21,0
DA:22,0
DA:23,0
DA:25,0
DA:28,0
LF:17
LH:0
BRDA:10,0,0,0
BRDA:10,0,1,0
BRDA:10,1,0,0
BRDA:10,1,1,0
BRDA:12,2,0,0
BRDA:12,2,1,0
BRDA:12,2,2,0
BRDA:12,2,3,0
BRDA:12,2,4,0
BRDA:18,3,0,0
BRDA:18,3,1,0
BRF:11
BRH:0
end_of_record
TN:
SF:/Users/shashanktomar/Documents/projects/spreadshare/spreadshare-subscriptions/spreadshare-subscriptions-api/src/handlers/unsubscribe.js
FN:6,_interopRequireDefault
FN:8,(anonymous_1)
FN:8,_callee
FN:8,_callee$
FN:19,handler
FNF:5
FNH:0
FNDA:0,_interopRequireDefault
FNDA:0,(anonymous_1)
FNDA:0,_callee
FNDA:0,_callee$
FNDA:0,handler
DA:1,0
DA:3,0
DA:5,0
DA:6,0
DA:8,0
DA:9,0
DA:11,0
DA:14,0
DA:15,0
DA:16,0
DA:19,0
LF:11
LH:0
BRDA:6,0,0,0
BRDA:6,0,1,0
BRDA:6,1,0,0
BRDA:6,1,1,0
BRDA:8,2,0,0
BRDA:8,2,1,0
BRDA:8,2,2,0
BRDA:8,2,3,0
BRDA:8,2,4,0
BRDA:11,3,0,0
BRDA:11,3,1,0
BRF:11
BRH:0
end_of_record
TN:
SF:/Users/shashanktomar/Documents/projects/spreadshare/spreadshare-subscriptions/spreadshare-subscriptions-api/src/middlewares/httpJsonErrorHandler.js
FN:1,_interopRequireDefault
FN:3,mw
FN:4,onError
FNF:3
FNH:0
FNDA:0,_interopRequireDefault
FNDA:0,mw
FNDA:0,onError
DA:1,0
DA:3,0
DA:5,0
DA:8,0
DA:19,0
DA:21,0
DA:22,0
LF:7
LH:0
BRDA:1,0,0,0
BRDA:1,0,1,0
BRDA:1,1,0,0
BRDA:1,1,1,0
BRDA:5,2,0,0
BRDA:5,2,1,0
BRF:6
BRH:0
end_of_record
TN:
SF:/Users/shashanktomar/Documents/projects/spreadshare/spreadshare-subscriptions/spreadshare-subscriptions-api/src/utils/dateTime.js
FN:6,getTime
FNF:1
FNH:0
FNDA:0,getTime
DA:1,0
DA:5,0
DA:6,0
LF:3
LH:0
BRF:0
BRH:0
end_of_record
TN:
SF:/Users/shashanktomar/Documents/projects/spreadshare/spreadshare-subscriptions/spreadshare-subscriptions-api/src/utils/http.js
FN:3,errorRes
FNF:1
FNH:0
FNDA:0,errorRes
DA:1,0
DA:3,0
LF:2
LH:0
BRF:0
BRH:0
end_of_record
